<?xml version='1.0'?>
<ns2:test-suite xmlns:ns2='urn:model.allure.qatools.yandex.ru' start='1637314424612' stop='1637314424630'>
    <name>The Internet Guinea Pig Website: As a user, I can search for Iphone X</name>
    <title>The Internet Guinea Pig Website: As a user, I can search for Iphone X</title>
    <test-cases>
        <test-case start='1637314424616' status='passed' stop='1637314424621'>
            <name></name>
            <title></title>
            <labels>
                <label name='language' value='javascript'/>
                <label name='framework' value='wdio'/>
                <label name='thread' value='0-0'/>
            </labels>
            <parameters>
                <parameter kind='argument' name='browser' value='chrome-96.0.4664.45'/>
            </parameters>
            <steps/>
            <attachments/>
        </test-case>
        <test-case start='1637314424622' status='broken' stop='1637314424625'>
            <name>Given I'm the Amazon Search page</name>
            <title>Given I'm the Amazon Search page</title>
            <labels>
                <label name='language' value='javascript'/>
                <label name='framework' value='wdio'/>
                <label name='thread' value='0-0'/>
            </labels>
            <parameters>
                <parameter kind='argument' name='browser' value='chrome-96.0.4664.45'/>
            </parameters>
            <steps/>
            <attachments/>
            <failure>
                <message>Step "I'm the Amazon Search page" is not defined. You can ignore this error by setting cucumberOpts.ignoreUndefinedDefinitions as true.</message>
                <stack-trace>Step "I'm the Amazon Search page" is not defined. You can ignore this error by setting cucumberOpts.ignoreUndefinedDefinitions as true.
                	at Feature(C:\Users\SUNIL\IdeaProjects\WebDriverIO-Practice\features\AmazonSearch.feature):1:1
                	at Scenario(As a user, I can search for Iphone X):3:3
                	at Step(I'm the Amazon Search page):5:5
                </stack-trace>
            </failure>
        </test-case>
        <test-case start='1637314424626' status='broken' stop='1637314424626'>
            <name>When Search Iphone X</name>
            <title>When Search Iphone X</title>
            <labels>
                <label name='language' value='javascript'/>
                <label name='framework' value='wdio'/>
                <label name='thread' value='0-0'/>
            </labels>
            <parameters>
                <parameter kind='argument' name='browser' value='chrome-96.0.4664.45'/>
            </parameters>
            <steps/>
            <attachments/>
            <failure>
                <message>Step "Search Iphone X" is not defined. You can ignore this error by setting cucumberOpts.ignoreUndefinedDefinitions as true.</message>
                <stack-trace>Step "Search Iphone X" is not defined. You can ignore this error by setting cucumberOpts.ignoreUndefinedDefinitions as true.
                	at Feature(C:\Users\SUNIL\IdeaProjects\WebDriverIO-Practice\features\AmazonSearch.feature):1:1
                	at Scenario(As a user, I can search for Iphone X):3:3
                	at Step(Search &lt;Mobile>):6:5
                </stack-trace>
            </failure>
        </test-case>
        <test-case start='1637314424627' status='passed' stop='1637314424628'>
            <name></name>
            <title></title>
            <labels>
                <label name='language' value='javascript'/>
                <label name='framework' value='wdio'/>
                <label name='thread' value='0-0'/>
            </labels>
            <parameters>
                <parameter kind='argument' name='browser' value='chrome-96.0.4664.45'/>
            </parameters>
            <steps/>
            <attachments/>
        </test-case>
    </test-cases>
</ns2:test-suite>